<?xml version="1.0" encoding="UTF-8" ?>
<testsuite tests="17" failures="0" name="step_definitions.RunCukesTest" time="0.589" errors="0" skipped="0">
  <properties>
    <property name="java.vendor" value="IBM Corporation"/>
    <property name="sun.java.launcher" value="SUN_STANDARD"/>
    <property name="os.name" value="Linux"/>
    <property name="sun.boot.class.path" value="/home/fajarsujai/.jdks/semeru-1.8.0_382/jre/lib/amd64/default/jclSC180/vm.jar:/home/fajarsujai/.jdks/semeru-1.8.0_382/jre/lib/se-service.jar:/home/fajarsujai/.jdks/semeru-1.8.0_382/jre/lib/rt.jar:/home/fajarsujai/.jdks/semeru-1.8.0_382/jre/lib/resources.jar:/home/fajarsujai/.jdks/semeru-1.8.0_382/jre/lib/jsse.jar:/home/fajarsujai/.jdks/semeru-1.8.0_382/jre/lib/charsets.jar:/home/fajarsujai/.jdks/semeru-1.8.0_382/jre/lib/jce.jar"/>
    <property name="sun.desktop" value="gnome"/>
    <property name="java.vm.specification.vendor" value="Oracle Corporation"/>
    <property name="java.runtime.version" value="1.8.0_382-b03"/>
    <property name="user.name" value="fajarsujai"/>
    <property name="java.compiler" value="j9jit29"/>
    <property name="os.encoding" value="UTF-8"/>
    <property name="guice.disable.misplaced.annotation.check" value="true"/>
    <property name="com.ibm.util.extralibs.properties" value=""/>
    <property name="com.ibm.jcl.checkClassPath" value=""/>
    <property name="user.language" value="en"/>
    <property name="com.ibm.oti.vm.bootstrap.library.path" value="/home/fajarsujai/.jdks/semeru-1.8.0_382/jre/lib/amd64/default:/home/fajarsujai/.jdks/semeru-1.8.0_382/jre/lib/amd64"/>
    <property name="idea.version" value="2023.1"/>
    <property name="sun.boot.library.path" value="/home/fajarsujai/.jdks/semeru-1.8.0_382/jre/lib/amd64/default:/home/fajarsujai/.jdks/semeru-1.8.0_382/jre/lib/amd64"/>
    <property name="classworlds.conf" value="/opt/intellijIdea/idea-IC-231.8109.175/plugins/maven/lib/maven3/bin/m2.conf"/>
    <property name="jdk.extensions.version" value="8.0.382.0-ea"/>
    <property name="java.version" value="1.8.0_382"/>
    <property name="user.timezone" value="Asia/Jakarta"/>
    <property name="com.ibm.system.agent.path" value="/home/fajarsujai/.jdks/semeru-1.8.0_382/jre/lib/amd64"/>
    <property name="sun.arch.data.model" value="64"/>
    <property name="com.ibm.zero.version" value="2"/>
    <property name="java.endorsed.dirs" value="/home/fajarsujai/.jdks/semeru-1.8.0_382/jre/lib/endorsed"/>
    <property name="com.ibm.oti.vm.library.version" value="29"/>
    <property name="sun.jnu.encoding" value="UTF-8"/>
    <property name="file.encoding.pkg" value="sun.io"/>
    <property name="file.separator" value="/"/>
    <property name="java.specification.name" value="Java Platform API Specification"/>
    <property name="maven.conf" value="/opt/intellijIdea/idea-IC-231.8109.175/plugins/maven/lib/maven3/conf"/>
    <property name="java.class.version" value="52.0"/>
    <property name="user.country" value="US"/>
    <property name="securerandom.source" value="file:/dev/./urandom"/>
    <property name="java.home" value="/home/fajarsujai/.jdks/semeru-1.8.0_382/jre"/>
    <property name="java.vm.info" value="JRE 1.8.0 Linux amd64-64-Bit Compressed References 20230608_680 (JIT enabled, AOT enabled)
OpenJ9   - 936ec5450
OMR      - 0e572348b
JCL      - 1a75d66cae based on jdk8u382-b03"/>
    <property name="os.version" value="5.15.0-56-generic"/>
    <property name="java.awt.fonts" value=""/>
    <property name="path.separator" value=":"/>
    <property name="java.vm.version" value="v0.40.0-release-936ec5450"/>
    <property name="user.variant" value=""/>
    <property name="maven.ext.class.path" value="/opt/intellijIdea/idea-IC-231.8109.175/plugins/maven/lib/maven-event-listener.jar"/>
    <property name="java.awt.printerjob" value="sun.print.PSPrinterJob"/>
    <property name="jdk.extensions.name" value="Extensions for OpenJDK for Eclipse OpenJ9"/>
    <property name="sun.io.unicode.encoding" value="UnicodeLittle"/>
    <property name="java.specification.maintenance.version" value="5"/>
    <property name="awt.toolkit" value="sun.awt.X11.XToolkit"/>
    <property name="ibm.signalhandling.sigint" value="true"/>
    <property name="user.home" value="/home/fajarsujai"/>
    <property name="com.ibm.cpu.endian" value="little"/>
    <property name="java.specification.vendor" value="Oracle Corporation"/>
    <property name="ibm.signalhandling.sigchain" value="true"/>
    <property name="java.library.path" value="/home/fajarsujai/.jdks/semeru-1.8.0_382/jre/lib/amd64/default:/home/fajarsujai/.jdks/semeru-1.8.0_382/jre/lib/amd64:/usr/lib64:/usr/lib"/>
    <property name="java.vendor.url" value="https://www.ibm.com/semeru-runtimes"/>
    <property name="java.vm.vendor" value="Eclipse OpenJ9"/>
    <property name="java.fullversion" value="1.8.0_382-b03
JRE 1.8.0 Linux amd64-64-Bit Compressed References 20230608_680 (JIT enabled, AOT enabled)
OpenJ9   - 936ec5450
OMR      - 0e572348b
JCL      - 1a75d66cae based on jdk8u382-b03"/>
    <property name="maven.home" value="/opt/intellijIdea/idea-IC-231.8109.175/plugins/maven/lib/maven3"/>
    <property name="java.runtime.name" value="IBM Semeru Runtime Open Edition"/>
    <property name="sun.java.command" value="org.codehaus.classworlds.Launcher -Didea.version=2023.1 test"/>
    <property name="java.class.path" value="/opt/intellijIdea/idea-IC-231.8109.175/plugins/maven/lib/maven3/boot/plexus-classworlds-2.6.0.jar:/opt/intellijIdea/idea-IC-231.8109.175/plugins/maven/lib/maven3/boot/plexus-classworlds.license:/opt/intellijIdea/idea-IC-231.8109.175/lib/idea_rt.jar"/>
    <property name="jansi.passthrough" value="true"/>
    <property name="java.vm.specification.name" value="Java Virtual Machine Specification"/>
    <property name="sun.java.launcher.pid" value="257085"/>
    <property name="java.vm.specification.version" value="1.8"/>
    <property name="sun.cpu.endian" value="little"/>
    <property name="java.io.tmpdir" value="/tmp"/>
    <property name="maven.multiModuleProjectDirectory" value="/home/fajarsujai/BDDSauceDemo_Tugas/BDDSauceDemo_Tugas"/>
    <property name="ibm.system.encoding" value="UTF-8"/>
    <property name="os.arch" value="amd64"/>
    <property name="java.awt.graphicsenv" value="sun.awt.X11GraphicsEnvironment"/>
    <property name="ibm.signalhandling.rs" value="false"/>
    <property name="java.ext.dirs" value="/home/fajarsujai/.jdks/semeru-1.8.0_382/jre/lib/ext"/>
    <property name="user.dir" value="/home/fajarsujai/BDDSauceDemo_Tugas/BDDSauceDemo_Tugas"/>
    <property name="line.separator" value="
"/>
    <property name="java.vm.name" value="Eclipse OpenJ9 VM"/>
    <property name="com.ibm.oti.shared.enabled" value="false"/>
    <property name="com.ibm.vm.bitmode" value="64"/>
    <property name="file.encoding" value="UTF-8"/>
    <property name="com.ibm.oti.configuration" value="scar"/>
    <property name="java.specification.version" value="1.8"/>
  </properties>
  <testcase classname="Scenario: End to End Checkout Product" name="Given User already on sauce demo website" time="0.043"/>
  <testcase classname="Scenario: End to End Checkout Product" name="When User input &quot;standard_user&quot; as userName and input &quot;secret_sauce&quot; as password" time="0"/>
  <testcase classname="Scenario: End to End Checkout Product" name="Then User already on sales page" time="0.001"/>
  <testcase classname="Scenario: End to End Checkout Product" name="When User sort the product list by &quot;Name (Z to A)&quot;" time="0"/>
  <testcase classname="Scenario: End to End Checkout Product" name="Then User add &quot;Sauce Labs Onesie&quot; and &quot;Test.allTheThings() T-Shirt (Red)&quot; to cart" time="0.002"/>
  <testcase classname="Scenario: End to End Checkout Product" name="And User click cart button" time="0.004"/>
  <testcase classname="Scenario: End to End Checkout Product" name="Then User already on your cart page" time="0"/>
  <testcase classname="Scenario: End to End Checkout Product" name="Then User remove item Tshirt Red" time="0.001"/>
  <testcase classname="Scenario: End to End Checkout Product" name="And User click checkout button" time="0.001"/>
  <testcase classname="Scenario: End to End Checkout Product" name="Then User already on checkout information page" time="0"/>
  <testcase classname="Scenario: End to End Checkout Product" name="When User input &quot;Iyang&quot; as firstName, input &quot;Mulyana&quot; as lastName and input &quot;12345&quot; as zipCode" time="0"/>
  <testcase classname="Scenario: End to End Checkout Product" name="And User click continue button" time="0.001"/>
  <testcase classname="Scenario: End to End Checkout Product" name="Then User already on checkout overview page" time="0"/>
  <testcase classname="Scenario: End to End Checkout Product" name="And User done check the total price &quot;$8.63&quot;" time="0"/>
  <testcase classname="Scenario: End to End Checkout Product" name="And User click the finish button" time="0"/>
  <testcase classname="Scenario: End to End Checkout Product" name="Then User already completed checkout" time="0.002"/>
  <testcase classname="Scenario: End to End Checkout Product" name="Scenario: End to End Checkout Product" time="0.534"/>
</testsuite>